<?xml version="1.0" encoding="UTF-8"?>
<!-- Generated by org.testng.reporters.JUnitXMLReporter -->
<testsuite hostname="DESKTOP-REU327F" name="Default test" tests="3" failures="0" timestamp="23 Aug 2016 03:33:14 GMT" time="23.377" errors="0">
  <testcase name="loginTestMethod" time="9.908" classname="org.orangehrm.test.LoginTest"/>
  <testcase name="loginTestMethod" time="6.808" classname="org.orangehrm.test.LoginTest"/>
  <testcase name="loginTestMethod" time="5.841" classname="org.orangehrm.test.LoginTest"/>
</testsuite> <!-- Default test -->
