<?xml version="1.0" encoding="UTF-8"?>
<!-- Generated by org.testng.reporters.JUnitXMLReporter -->
<testsuite hostname="DESKTOP-REU327F" name="loginTest" tests="3" failures="0" timestamp="23 Aug 2016 03:36:29 GMT" time="20.833" errors="0">
  <testcase name="loginTestMethod" time="8.522" classname="org.orangehrm.test.LoginTest"/>
  <testcase name="loginTestMethod" time="6.099" classname="org.orangehrm.test.LoginTest"/>
  <testcase name="loginTestMethod" time="5.456" classname="org.orangehrm.test.LoginTest"/>
</testsuite> <!-- loginTest -->
